<?xml version="1.0" encoding="UTF-8"?>
<!-- Generated by org.testng.reporters.JUnitXMLReporter -->
<testsuite ignored="0" hostname="DESKTOP-H9JGRTT" failures="1" tests="2" name="Test" time="37.609" errors="0" timestamp="2022-11-16T16:51:50 IST">
  <testcase classname="tests.FinalTest" name="testCountry" time="12.516"/>
  <testcase classname="tests.FinalTest" name="testTheReleaseDate" time="10.692">
    <failure type="java.lang.AssertionError" message="expected [17 December 2021] but found [December 17, 2021 (United States)]">
      <![CDATA[java.lang.AssertionError: expected [17 December 2021] but found [December 17, 2021 (United States)]
at tests.FinalTest.testTheReleaseDate(FinalTest.java:46)
at java.base/java.util.ArrayList.forEach(ArrayList.java:1541)
... Removed 33 stack frames]]>
    </failure>
  </testcase> <!-- testTheReleaseDate -->
</testsuite> <!-- Test -->
